<?xml version="1.0" encoding="UTF-8"?>
<testsuites tests="12" failures="0" disabled="0" errors="0" timestamp="2024-11-28T13:13:48" time="0.024" name="AllTests">
  <testsuite name="SerialPortTest" tests="3" failures="0" disabled="0" errors="0" time="0.007">
    <testcase name="OpenSerialPortFails" status="run" time="0.003" classname="SerialPortTest" />
    <testcase name="SendMessageFails" status="run" time="0.002" classname="SerialPortTest" />
    <testcase name="ReadMessageReturnsCorrectData" status="run" time="0.002" classname="SerialPortTest" />
  </testsuite>
  <testsuite name="GameLogicTest" tests="9" failures="0" disabled="0" errors="0" time="0.014">
    <testcase name="OpenSerialPortFailsWhenInvalidPort" status="run" time="0.001" classname="GameLogicTest" />
    <testcase name="SetAndGetComPort" status="run" time="0.001" classname="GameLogicTest" />
    <testcase name="SetAndGetMove" status="run" time="0.002" classname="GameLogicTest" />
    <testcase name="SetAndGetBaudRate" status="run" time="0" classname="GameLogicTest" />
    <testcase name="UpdateGameStateFailsWhenComPortIsInvalid" status="run" time="0.001" classname="GameLogicTest" />
    <testcase name="UpdateGameStateSucceedsWhenComPortIsValid" status="run" time="0.001" classname="GameLogicTest" />
    <testcase name="GetComPort" status="run" time="0.001" classname="GameLogicTest" />
    <testcase name="GetFilePath" status="run" time="0" classname="GameLogicTest" />
    <testcase name="GetSelectedType" status="run" time="0.001" classname="GameLogicTest" />
  </testsuite>
</testsuites>
